C51 COMPILER V9.59.0.0   DISP                                                              12/30/2018 16:18:47 PAGE 1   


C51 COMPILER V9.59.0.0, COMPILATION OF MODULE DISP
OBJECT MODULE PLACED IN .\Objects\DISP.obj
COMPILER INVOKED BY: C:\Keil_v5\C51\BIN\C51.EXE DISP.c OPTIMIZE(8,SPEED) BROWSE INCDIR(..\Project_Volter) DEBUG OBJECTEX
                    -TEND PRINT(.\Listings\DISP.lst) TABS(2) OBJECT(.\Objects\DISP.obj)

line level    source

   1          #include "DISP.h"
   2          
   3          sbit OE=P1^3;
   4          sbit LE1=P1^4;
   5          sbit LE2=P1^5;
   6          sbit K1=P2^0;
   7          sbit K2=P2^1;
   8          
   9          
  10          #define uchar unsigned char
  11            
  12          extern uchar disp[8];
  13          uchar code sled_bit[]={0xfe,0xfd,0xfb,0xf7,0xef,0xdf,0xbf,0x7f};
  14          uchar table[17]={0x3f,0x06,0x5b,0x4f,0x66,0x6d,0x7d,0x07,0x7f,0x6f,0x77,0x7c,0x39,0x5e,0x79,0x71,0x00};
  15          uchar i=0;
  16          uchar key=99;
  17          uchar temp;
  18          
  19          
  20          void display(d1,d2)
  21          {
  22   1        
  23   1      }
  24          
  25          
  26          void delay(uchar ti)
  27          {
  28   1        uchar t;
  29   1        while(ti--)
  30   1        {
  31   2          for(t=0;t<255;t++);
  32   2        }
  33   1      }
  34          
  35          void Ex0() interrupt 0
  36          {
  37   1        
  38   1      }
  39          
  40          void scan() interrupt 1
  41          {
  42   1        uchar j=0xfe;
  43   1        uchar k;
  44   1        TH0=0xfe;
  45   1        TL0=0x0c;
  46   1        k=disp[i];
  47   1        OE=1;
  48   1        LE1=1;
  49   1        P0=table[k];
  50   1        LE1=0;
  51   1        LE2=1;
  52   1        P0=sled_bit[i];
  53   1        LE2=0;
  54   1        OE=0;
C51 COMPILER V9.59.0.0   DISP                                                              12/30/2018 16:18:47 PAGE 2   

  55   1        i++;
  56   1        if(i==8)
  57   1        {
  58   2          i=0;
  59   2        }
  60   1      }


MODULE INFORMATION:   STATIC OVERLAYABLE
   CODE SIZE        =    111    ----
   CONSTANT SIZE    =      8    ----
   XDATA SIZE       =   ----    ----
   PDATA SIZE       =   ----    ----
   DATA SIZE        =     20       5
   IDATA SIZE       =   ----    ----
   BIT SIZE         =   ----    ----
END OF MODULE INFORMATION.


C51 COMPILATION COMPLETE.  0 WARNING(S),  0 ERROR(S)
